<?xml version="1.0" encoding="UTF-8" ?>
<testsuites name="vitest tests" tests="45" failures="12" errors="0" time="0.296027689">
    <testsuite name="ai/router/router.test.ts" timestamp="2025-10-13T02:04:02.564Z" hostname="runnervmwhb2z" tests="8" failures="0" errors="0" skipped="0" time="0.016641887">
        <testcase classname="ai/router/router.test.ts" name="AlgorithmRouter &gt; should route to ner for Entity extraction with multiple entities" time="0.010470475">
        </testcase>
        <testcase classname="ai/router/router.test.ts" name="AlgorithmRouter &gt; should route to forensic for Forensic timeline analysis" time="0.000620623">
        </testcase>
        <testcase classname="ai/router/router.test.ts" name="AlgorithmRouter &gt; should route to nlp for NLP classification for toxicity" time="0.000378629">
        </testcase>
        <testcase classname="ai/router/router.test.ts" name="AlgorithmRouter &gt; should route to rag+llm for RAG retrieval query" time="0.00038448">
        </testcase>
        <testcase classname="ai/router/router.test.ts" name="AlgorithmRouter &gt; should route to llm for General knowledge query" time="0.000365905">
        </testcase>
        <testcase classname="ai/router/router.test.ts" name="AlgorithmRouter &gt; should detect harassment with high lexical score" time="0.000370434">
        </testcase>
        <testcase classname="ai/router/router.test.ts" name="AlgorithmRouter &gt; should extract entities correctly" time="0.001684446">
        </testcase>
        <testcase classname="ai/router/router.test.ts" name="AlgorithmRouter &gt; should estimate token savings" time="0.00029376">
        </testcase>
    </testsuite>
    <testsuite name="tests/integration/roadmap-integration.test.js" timestamp="2025-10-13T02:04:02.566Z" hostname="runnervmwhb2z" tests="12" failures="2" errors="0" skipped="0" time="0.078950262">
        <testcase classname="tests/integration/roadmap-integration.test.js" name="AURA Roadmap Integration Tests &gt; Configuration System &gt; should load unified configuration" time="0.006097003">
        </testcase>
        <testcase classname="tests/integration/roadmap-integration.test.js" name="AURA Roadmap Integration Tests &gt; Configuration System &gt; should validate configuration" time="0.000397665">
        </testcase>
        <testcase classname="tests/integration/roadmap-integration.test.js" name="AURA Roadmap Integration Tests &gt; Domain-Driven Design Architecture &gt; should create incident entity" time="0.000862125">
        </testcase>
        <testcase classname="tests/integration/roadmap-integration.test.js" name="AURA Roadmap Integration Tests &gt; Domain-Driven Design Architecture &gt; should handle business rules" time="0.000245049">
        </testcase>
        <testcase classname="tests/integration/roadmap-integration.test.js" name="AURA Roadmap Integration Tests &gt; Harassment Detection Algorithm &gt; should detect harassment in messages" time="0.000877233">
        </testcase>
        <testcase classname="tests/integration/roadmap-integration.test.js" name="AURA Roadmap Integration Tests &gt; Harassment Detection Algorithm &gt; should provide detailed analysis" time="0.000205905">
        </testcase>
        <testcase classname="tests/integration/roadmap-integration.test.js" name="AURA Roadmap Integration Tests &gt; Forensic Timeline Analyzer &gt; should analyze incident timeline" time="0.001252357">
        </testcase>
        <testcase classname="tests/integration/roadmap-integration.test.js" name="AURA Roadmap Integration Tests &gt; Forensic Timeline Analyzer &gt; should detect coordinated attacks" time="0.000259556">
        </testcase>
        <testcase classname="tests/integration/roadmap-integration.test.js" name="AURA Roadmap Integration Tests &gt; Anti-Harassment Engine &gt; should initialize successfully" time="0.000780502">
        </testcase>
        <testcase classname="tests/integration/roadmap-integration.test.js" name="AURA Roadmap Integration Tests &gt; Anti-Harassment Engine &gt; should analyze messages and create incidents" time="0.060347119">
            <failure message="The expression evaluated to a falsy value:

  assert(result.isHarassment === true)
" type="AssertionError">
AssertionError: The expression evaluated to a falsy value:

  assert(result.isHarassment === true)


- Expected
+ Received

- true
+ false

 ❯ tests/integration/roadmap-integration.test.js:196:7
            </failure>
        </testcase>
        <testcase classname="tests/integration/roadmap-integration.test.js" name="AURA Roadmap Integration Tests &gt; Anti-Harassment Engine &gt; should analyze session data" time="0.000678521">
        </testcase>
        <testcase classname="tests/integration/roadmap-integration.test.js" name="AURA Roadmap Integration Tests &gt; Integration Flow &gt; should handle complete harassment detection flow" time="0.004302079">
            <failure message="The expression evaluated to a falsy value:

  assert(result.isHarassment === true)
" type="AssertionError">
AssertionError: The expression evaluated to a falsy value:

  assert(result.isHarassment === true)


- Expected
+ Received

- true
+ false

 ❯ tests/integration/roadmap-integration.test.js:270:7
            </failure>
        </testcase>
    </testsuite>
    <testsuite name="tests/unit/backend.test.ts" timestamp="2025-10-13T02:04:02.573Z" hostname="runnervmwhb2z" tests="2" failures="0" errors="0" skipped="0" time="0.009258825">
        <testcase classname="tests/unit/backend.test.ts" name="Backend OSINT API &gt; should validate job schema" time="0.004278856">
        </testcase>
        <testcase classname="tests/unit/backend.test.ts" name="Backend OSINT API &gt; should generate unique job IDs" time="0.00293565">
        </testcase>
    </testsuite>
    <testsuite name="ai/gateway/src/preintel/preintel.test.ts" timestamp="2025-10-13T02:04:02.573Z" hostname="runnervmwhb2z" tests="7" failures="0" errors="0" skipped="0" time="0.031928996">
        <testcase classname="ai/gateway/src/preintel/preintel.test.ts" name="PreIntelPipeline &gt; run &gt; should process text and return metadata" time="0.015528361">
        </testcase>
        <testcase classname="ai/gateway/src/preintel/preintel.test.ts" name="PreIntelPipeline &gt; run &gt; should detect cache hits on repeated inputs" time="0.000616606">
        </testcase>
        <testcase classname="ai/gateway/src/preintel/preintel.test.ts" name="PreIntelPipeline &gt; run &gt; should handle dry run mode" time="0.00051758">
        </testcase>
        <testcase classname="ai/gateway/src/preintel/preintel.test.ts" name="PreIntelPipeline &gt; run &gt; should apply pruning when enabled" time="0.001061338">
        </testcase>
        <testcase classname="ai/gateway/src/preintel/preintel.test.ts" name="PreIntelPipeline &gt; run &gt; should detect language correctly" time="0.001533603">
        </testcase>
        <testcase classname="ai/gateway/src/preintel/preintel.test.ts" name="PreIntelPipeline &gt; cache management &gt; should clear cache" time="0.000599854">
        </testcase>
        <testcase classname="ai/gateway/src/preintel/preintel.test.ts" name="PreIntelPipeline &gt; cache management &gt; should provide cache statistics" time="0.000513082">
        </testcase>
    </testsuite>
    <testsuite name="ai/gateway/src/router/decision-engine.test.ts" timestamp="2025-10-13T02:04:02.575Z" hostname="runnervmwhb2z" tests="16" failures="10" errors="0" skipped="0" time="0.159247719">
        <testcase classname="ai/gateway/src/router/decision-engine.test.ts" name="DecisionEngine &gt; decide &gt; should route entity-heavy text to NER" time="0.07257521">
            <system-out>
[Embeddings] Loading model: Xenova/multilingual-e5-small

            </system-out>
            <system-err>
[Embeddings] Failed to load model: Error: `local_files_only=true` or `env.allowRemoteModels=false` and file was not found locally at &quot;/home/runner/work/AURA-OSINT-ADVANCED-ECOSYSTEM/AURA-OSINT-ADVANCED-ECOSYSTEM/node_modules/@xenova/transformers/models/Xenova/multilingual-e5-small/tokenizer.json&quot;.
    at getModelFile [90m(file:///home/runner/work/AURA-OSINT-ADVANCED-ECOSYSTEM/AURA-OSINT-ADVANCED-ECOSYSTEM/[39mnode_modules/[4m@xenova[24m/transformers/src/utils/hub.js:459:27[90m)[39m
[90m    at processTicksAndRejections (node:internal/process/task_queues:95:5)[39m
    at getModelJSON [90m(file:///home/runner/work/AURA-OSINT-ADVANCED-ECOSYSTEM/AURA-OSINT-ADVANCED-ECOSYSTEM/[39mnode_modules/[4m@xenova[24m/transformers/src/utils/hub.js:572:18[90m)[39m
    at async Promise.all (index 0)
    at loadTokenizer [90m(file:///home/runner/work/AURA-OSINT-ADVANCED-ECOSYSTEM/AURA-OSINT-ADVANCED-ECOSYSTEM/[39mnode_modules/[4m@xenova[24m/transformers/src/tokenizers.js:61:18[90m)[39m
    at Function.from_pretrained [90m(file:///home/runner/work/AURA-OSINT-ADVANCED-ECOSYSTEM/AURA-OSINT-ADVANCED-ECOSYSTEM/[39mnode_modules/[4m@xenova[24m/transformers/src/tokenizers.js:4459:50[90m)[39m
    at async Promise.all (index 0)
    at loadItems [90m(file:///home/runner/work/AURA-OSINT-ADVANCED-ECOSYSTEM/AURA-OSINT-ADVANCED-ECOSYSTEM/[39mnode_modules/[4m@xenova[24m/transformers/src/pipelines.js:3279:5[90m)[39m
    at pipeline [90m(file:///home/runner/work/AURA-OSINT-ADVANCED-ECOSYSTEM/AURA-OSINT-ADVANCED-ECOSYSTEM/[39mnode_modules/[4m@xenova[24m/transformers/src/pipelines.js:3219:21[90m)[39m
    at EmbeddingService.loadLocalModel [90m(/home/runner/work/AURA-OSINT-ADVANCED-ECOSYSTEM/AURA-OSINT-ADVANCED-ECOSYSTEM/[39mai/gateway/src/rag/embedding.service.ts:56:20[90m)[39m

[Router] Semantic features extraction failed: Error: `local_files_only=true` or `env.allowRemoteModels=false` and file was not found locally at &quot;/home/runner/work/AURA-OSINT-ADVANCED-ECOSYSTEM/AURA-OSINT-ADVANCED-ECOSYSTEM/node_modules/@xenova/transformers/models/Xenova/multilingual-e5-small/tokenizer.json&quot;.
    at getModelFile [90m(file:///home/runner/work/AURA-OSINT-ADVANCED-ECOSYSTEM/AURA-OSINT-ADVANCED-ECOSYSTEM/[39mnode_modules/[4m@xenova[24m/transformers/src/utils/hub.js:459:27[90m)[39m
[90m    at processTicksAndRejections (node:internal/process/task_queues:95:5)[39m
    at getModelJSON [90m(file:///home/runner/work/AURA-OSINT-ADVANCED-ECOSYSTEM/AURA-OSINT-ADVANCED-ECOSYSTEM/[39mnode_modules/[4m@xenova[24m/transformers/src/utils/hub.js:572:18[90m)[39m
    at async Promise.all (index 0)
    at loadTokenizer [90m(file:///home/runner/work/AURA-OSINT-ADVANCED-ECOSYSTEM/AURA-OSINT-ADVANCED-ECOSYSTEM/[39mnode_modules/[4m@xenova[24m/transformers/src/tokenizers.js:61:18[90m)[39m
    at Function.from_pretrained [90m(file:///home/runner/work/AURA-OSINT-ADVANCED-ECOSYSTEM/AURA-OSINT-ADVANCED-ECOSYSTEM/[39mnode_modules/[4m@xenova[24m/transformers/src/tokenizers.js:4459:50[90m)[39m
    at async Promise.all (index 0)
    at loadItems [90m(file:///home/runner/work/AURA-OSINT-ADVANCED-ECOSYSTEM/AURA-OSINT-ADVANCED-ECOSYSTEM/[39mnode_modules/[4m@xenova[24m/transformers/src/pipelines.js:3279:5[90m)[39m
    at pipeline [90m(file:///home/runner/work/AURA-OSINT-ADVANCED-ECOSYSTEM/AURA-OSINT-ADVANCED-ECOSYSTEM/[39mnode_modules/[4m@xenova[24m/transformers/src/pipelines.js:3219:21[90m)[39m
    at EmbeddingService.loadLocalModel [90m(/home/runner/work/AURA-OSINT-ADVANCED-ECOSYSTEM/AURA-OSINT-ADVANCED-ECOSYSTEM/[39mai/gateway/src/rag/embedding.service.ts:56:20[90m)[39m

            </system-err>
            <failure message="expected 0.76 to be greater than 0.8" type="AssertionError">
AssertionError: expected 0.76 to be greater than 0.8
 ❯ ai/gateway/src/router/decision-engine.test.ts:24:35
            </failure>
        </testcase>
        <testcase classname="ai/gateway/src/router/decision-engine.test.ts" name="DecisionEngine &gt; decide &gt; should route forensic timeline to forensic module" time="0.021933902">
            <system-out>
[Embeddings] Loading model: Xenova/multilingual-e5-small

            </system-out>
            <system-err>
[Embeddings] Failed to load model: Error: `local_files_only=true` or `env.allowRemoteModels=false` and file was not found locally at &quot;/home/runner/work/AURA-OSINT-ADVANCED-ECOSYSTEM/AURA-OSINT-ADVANCED-ECOSYSTEM/node_modules/@xenova/transformers/models/Xenova/multilingual-e5-small/tokenizer.json&quot;.
    at getModelFile [90m(file:///home/runner/work/AURA-OSINT-ADVANCED-ECOSYSTEM/AURA-OSINT-ADVANCED-ECOSYSTEM/[39mnode_modules/[4m@xenova[24m/transformers/src/utils/hub.js:459:27[90m)[39m
[90m    at processTicksAndRejections (node:internal/process/task_queues:95:5)[39m
    at getModelJSON [90m(file:///home/runner/work/AURA-OSINT-ADVANCED-ECOSYSTEM/AURA-OSINT-ADVANCED-ECOSYSTEM/[39mnode_modules/[4m@xenova[24m/transformers/src/utils/hub.js:572:18[90m)[39m
    at async Promise.all (index 0)
    at loadTokenizer [90m(file:///home/runner/work/AURA-OSINT-ADVANCED-ECOSYSTEM/AURA-OSINT-ADVANCED-ECOSYSTEM/[39mnode_modules/[4m@xenova[24m/transformers/src/tokenizers.js:61:18[90m)[39m
    at Function.from_pretrained [90m(file:///home/runner/work/AURA-OSINT-ADVANCED-ECOSYSTEM/AURA-OSINT-ADVANCED-ECOSYSTEM/[39mnode_modules/[4m@xenova[24m/transformers/src/tokenizers.js:4459:50[90m)[39m
    at async Promise.all (index 0)
    at loadItems [90m(file:///home/runner/work/AURA-OSINT-ADVANCED-ECOSYSTEM/AURA-OSINT-ADVANCED-ECOSYSTEM/[39mnode_modules/[4m@xenova[24m/transformers/src/pipelines.js:3279:5[90m)[39m
    at pipeline [90m(file:///home/runner/work/AURA-OSINT-ADVANCED-ECOSYSTEM/AURA-OSINT-ADVANCED-ECOSYSTEM/[39mnode_modules/[4m@xenova[24m/transformers/src/pipelines.js:3219:21[90m)[39m
    at EmbeddingService.loadLocalModel [90m(/home/runner/work/AURA-OSINT-ADVANCED-ECOSYSTEM/AURA-OSINT-ADVANCED-ECOSYSTEM/[39mai/gateway/src/rag/embedding.service.ts:56:20[90m)[39m

[Router] Semantic features extraction failed: Error: `local_files_only=true` or `env.allowRemoteModels=false` and file was not found locally at &quot;/home/runner/work/AURA-OSINT-ADVANCED-ECOSYSTEM/AURA-OSINT-ADVANCED-ECOSYSTEM/node_modules/@xenova/transformers/models/Xenova/multilingual-e5-small/tokenizer.json&quot;.
    at getModelFile [90m(file:///home/runner/work/AURA-OSINT-ADVANCED-ECOSYSTEM/AURA-OSINT-ADVANCED-ECOSYSTEM/[39mnode_modules/[4m@xenova[24m/transformers/src/utils/hub.js:459:27[90m)[39m
[90m    at processTicksAndRejections (node:internal/process/task_queues:95:5)[39m
    at getModelJSON [90m(file:///home/runner/work/AURA-OSINT-ADVANCED-ECOSYSTEM/AURA-OSINT-ADVANCED-ECOSYSTEM/[39mnode_modules/[4m@xenova[24m/transformers/src/utils/hub.js:572:18[90m)[39m
    at async Promise.all (index 0)
    at loadTokenizer [90m(file:///home/runner/work/AURA-OSINT-ADVANCED-ECOSYSTEM/AURA-OSINT-ADVANCED-ECOSYSTEM/[39mnode_modules/[4m@xenova[24m/transformers/src/tokenizers.js:61:18[90m)[39m
    at Function.from_pretrained [90m(file:///home/runner/work/AURA-OSINT-ADVANCED-ECOSYSTEM/AURA-OSINT-ADVANCED-ECOSYSTEM/[39mnode_modules/[4m@xenova[24m/transformers/src/tokenizers.js:4459:50[90m)[39m
    at async Promise.all (index 0)
    at loadItems [90m(file:///home/runner/work/AURA-OSINT-ADVANCED-ECOSYSTEM/AURA-OSINT-ADVANCED-ECOSYSTEM/[39mnode_modules/[4m@xenova[24m/transformers/src/pipelines.js:3279:5[90m)[39m
    at pipeline [90m(file:///home/runner/work/AURA-OSINT-ADVANCED-ECOSYSTEM/AURA-OSINT-ADVANCED-ECOSYSTEM/[39mnode_modules/[4m@xenova[24m/transformers/src/pipelines.js:3219:21[90m)[39m
    at EmbeddingService.loadLocalModel [90m(/home/runner/work/AURA-OSINT-ADVANCED-ECOSYSTEM/AURA-OSINT-ADVANCED-ECOSYSTEM/[39mai/gateway/src/rag/embedding.service.ts:56:20[90m)[39m

            </system-err>
            <failure message="expected &apos;ner&apos; to be &apos;forensic&apos; // Object.is equality" type="AssertionError">
AssertionError: expected &apos;ner&apos; to be &apos;forensic&apos; // Object.is equality

Expected: &quot;forensic&quot;
Received: &quot;ner&quot;

 ❯ ai/gateway/src/router/decision-engine.test.ts:32:33
            </failure>
        </testcase>
        <testcase classname="ai/gateway/src/router/decision-engine.test.ts" name="DecisionEngine &gt; decide &gt; should route high-risk content to harassment detection" time="0.002705318">
            <system-out>
[Embeddings] Loading model: Xenova/multilingual-e5-small

            </system-out>
            <system-err>
[Embeddings] Failed to load model: Error: `local_files_only=true` or `env.allowRemoteModels=false` and file was not found locally at &quot;/home/runner/work/AURA-OSINT-ADVANCED-ECOSYSTEM/AURA-OSINT-ADVANCED-ECOSYSTEM/node_modules/@xenova/transformers/models/Xenova/multilingual-e5-small/tokenizer.json&quot;.
    at getModelFile [90m(file:///home/runner/work/AURA-OSINT-ADVANCED-ECOSYSTEM/AURA-OSINT-ADVANCED-ECOSYSTEM/[39mnode_modules/[4m@xenova[24m/transformers/src/utils/hub.js:459:27[90m)[39m
[90m    at processTicksAndRejections (node:internal/process/task_queues:95:5)[39m
    at getModelJSON [90m(file:///home/runner/work/AURA-OSINT-ADVANCED-ECOSYSTEM/AURA-OSINT-ADVANCED-ECOSYSTEM/[39mnode_modules/[4m@xenova[24m/transformers/src/utils/hub.js:572:18[90m)[39m
    at async Promise.all (index 0)
    at loadTokenizer [90m(file:///home/runner/work/AURA-OSINT-ADVANCED-ECOSYSTEM/AURA-OSINT-ADVANCED-ECOSYSTEM/[39mnode_modules/[4m@xenova[24m/transformers/src/tokenizers.js:61:18[90m)[39m
    at Function.from_pretrained [90m(file:///home/runner/work/AURA-OSINT-ADVANCED-ECOSYSTEM/AURA-OSINT-ADVANCED-ECOSYSTEM/[39mnode_modules/[4m@xenova[24m/transformers/src/tokenizers.js:4459:50[90m)[39m
    at async Promise.all (index 0)
    at loadItems [90m(file:///home/runner/work/AURA-OSINT-ADVANCED-ECOSYSTEM/AURA-OSINT-ADVANCED-ECOSYSTEM/[39mnode_modules/[4m@xenova[24m/transformers/src/pipelines.js:3279:5[90m)[39m
    at pipeline [90m(file:///home/runner/work/AURA-OSINT-ADVANCED-ECOSYSTEM/AURA-OSINT-ADVANCED-ECOSYSTEM/[39mnode_modules/[4m@xenova[24m/transformers/src/pipelines.js:3219:21[90m)[39m
    at EmbeddingService.loadLocalModel [90m(/home/runner/work/AURA-OSINT-ADVANCED-ECOSYSTEM/AURA-OSINT-ADVANCED-ECOSYSTEM/[39mai/gateway/src/rag/embedding.service.ts:56:20[90m)[39m

[Router] Semantic features extraction failed: Error: `local_files_only=true` or `env.allowRemoteModels=false` and file was not found locally at &quot;/home/runner/work/AURA-OSINT-ADVANCED-ECOSYSTEM/AURA-OSINT-ADVANCED-ECOSYSTEM/node_modules/@xenova/transformers/models/Xenova/multilingual-e5-small/tokenizer.json&quot;.
    at getModelFile [90m(file:///home/runner/work/AURA-OSINT-ADVANCED-ECOSYSTEM/AURA-OSINT-ADVANCED-ECOSYSTEM/[39mnode_modules/[4m@xenova[24m/transformers/src/utils/hub.js:459:27[90m)[39m
[90m    at processTicksAndRejections (node:internal/process/task_queues:95:5)[39m
    at getModelJSON [90m(file:///home/runner/work/AURA-OSINT-ADVANCED-ECOSYSTEM/AURA-OSINT-ADVANCED-ECOSYSTEM/[39mnode_modules/[4m@xenova[24m/transformers/src/utils/hub.js:572:18[90m)[39m
    at async Promise.all (index 0)
    at loadTokenizer [90m(file:///home/runner/work/AURA-OSINT-ADVANCED-ECOSYSTEM/AURA-OSINT-ADVANCED-ECOSYSTEM/[39mnode_modules/[4m@xenova[24m/transformers/src/tokenizers.js:61:18[90m)[39m
    at Function.from_pretrained [90m(file:///home/runner/work/AURA-OSINT-ADVANCED-ECOSYSTEM/AURA-OSINT-ADVANCED-ECOSYSTEM/[39mnode_modules/[4m@xenova[24m/transformers/src/tokenizers.js:4459:50[90m)[39m
    at async Promise.all (index 0)
    at loadItems [90m(file:///home/runner/work/AURA-OSINT-ADVANCED-ECOSYSTEM/AURA-OSINT-ADVANCED-ECOSYSTEM/[39mnode_modules/[4m@xenova[24m/transformers/src/pipelines.js:3279:5[90m)[39m
    at pipeline [90m(file:///home/runner/work/AURA-OSINT-ADVANCED-ECOSYSTEM/AURA-OSINT-ADVANCED-ECOSYSTEM/[39mnode_modules/[4m@xenova[24m/transformers/src/pipelines.js:3219:21[90m)[39m
    at EmbeddingService.loadLocalModel [90m(/home/runner/work/AURA-OSINT-ADVANCED-ECOSYSTEM/AURA-OSINT-ADVANCED-ECOSYSTEM/[39mai/gateway/src/rag/embedding.service.ts:56:20[90m)[39m

            </system-err>
            <failure message="expected &apos;llm&apos; to be &apos;harassment&apos; // Object.is equality" type="AssertionError">
AssertionError: expected &apos;llm&apos; to be &apos;harassment&apos; // Object.is equality

Expected: &quot;harassment&quot;
Received: &quot;llm&quot;

 ❯ ai/gateway/src/router/decision-engine.test.ts:41:33
            </failure>
        </testcase>
        <testcase classname="ai/gateway/src/router/decision-engine.test.ts" name="DecisionEngine &gt; decide &gt; should route factual questions to RAG+LLM" time="0.005600432">
            <system-out>
[Embeddings] Loading model: Xenova/multilingual-e5-small

            </system-out>
            <system-err>
[Embeddings] Failed to load model: Error: `local_files_only=true` or `env.allowRemoteModels=false` and file was not found locally at &quot;/home/runner/work/AURA-OSINT-ADVANCED-ECOSYSTEM/AURA-OSINT-ADVANCED-ECOSYSTEM/node_modules/@xenova/transformers/models/Xenova/multilingual-e5-small/tokenizer.json&quot;.
    at getModelFile [90m(file:///home/runner/work/AURA-OSINT-ADVANCED-ECOSYSTEM/AURA-OSINT-ADVANCED-ECOSYSTEM/[39mnode_modules/[4m@xenova[24m/transformers/src/utils/hub.js:459:27[90m)[39m
[90m    at processTicksAndRejections (node:internal/process/task_queues:95:5)[39m
    at getModelJSON [90m(file:///home/runner/work/AURA-OSINT-ADVANCED-ECOSYSTEM/AURA-OSINT-ADVANCED-ECOSYSTEM/[39mnode_modules/[4m@xenova[24m/transformers/src/utils/hub.js:572:18[90m)[39m
    at async Promise.all (index 0)
    at loadTokenizer [90m(file:///home/runner/work/AURA-OSINT-ADVANCED-ECOSYSTEM/AURA-OSINT-ADVANCED-ECOSYSTEM/[39mnode_modules/[4m@xenova[24m/transformers/src/tokenizers.js:61:18[90m)[39m
    at Function.from_pretrained [90m(file:///home/runner/work/AURA-OSINT-ADVANCED-ECOSYSTEM/AURA-OSINT-ADVANCED-ECOSYSTEM/[39mnode_modules/[4m@xenova[24m/transformers/src/tokenizers.js:4459:50[90m)[39m
    at async Promise.all (index 0)
    at loadItems [90m(file:///home/runner/work/AURA-OSINT-ADVANCED-ECOSYSTEM/AURA-OSINT-ADVANCED-ECOSYSTEM/[39mnode_modules/[4m@xenova[24m/transformers/src/pipelines.js:3279:5[90m)[39m
    at pipeline [90m(file:///home/runner/work/AURA-OSINT-ADVANCED-ECOSYSTEM/AURA-OSINT-ADVANCED-ECOSYSTEM/[39mnode_modules/[4m@xenova[24m/transformers/src/pipelines.js:3219:21[90m)[39m
    at EmbeddingService.loadLocalModel [90m(/home/runner/work/AURA-OSINT-ADVANCED-ECOSYSTEM/AURA-OSINT-ADVANCED-ECOSYSTEM/[39mai/gateway/src/rag/embedding.service.ts:56:20[90m)[39m

[Router] Semantic features extraction failed: Error: `local_files_only=true` or `env.allowRemoteModels=false` and file was not found locally at &quot;/home/runner/work/AURA-OSINT-ADVANCED-ECOSYSTEM/AURA-OSINT-ADVANCED-ECOSYSTEM/node_modules/@xenova/transformers/models/Xenova/multilingual-e5-small/tokenizer.json&quot;.
    at getModelFile [90m(file:///home/runner/work/AURA-OSINT-ADVANCED-ECOSYSTEM/AURA-OSINT-ADVANCED-ECOSYSTEM/[39mnode_modules/[4m@xenova[24m/transformers/src/utils/hub.js:459:27[90m)[39m
[90m    at processTicksAndRejections (node:internal/process/task_queues:95:5)[39m
    at getModelJSON [90m(file:///home/runner/work/AURA-OSINT-ADVANCED-ECOSYSTEM/AURA-OSINT-ADVANCED-ECOSYSTEM/[39mnode_modules/[4m@xenova[24m/transformers/src/utils/hub.js:572:18[90m)[39m
    at async Promise.all (index 0)
    at loadTokenizer [90m(file:///home/runner/work/AURA-OSINT-ADVANCED-ECOSYSTEM/AURA-OSINT-ADVANCED-ECOSYSTEM/[39mnode_modules/[4m@xenova[24m/transformers/src/tokenizers.js:61:18[90m)[39m
    at Function.from_pretrained [90m(file:///home/runner/work/AURA-OSINT-ADVANCED-ECOSYSTEM/AURA-OSINT-ADVANCED-ECOSYSTEM/[39mnode_modules/[4m@xenova[24m/transformers/src/tokenizers.js:4459:50[90m)[39m
    at async Promise.all (index 0)
    at loadItems [90m(file:///home/runner/work/AURA-OSINT-ADVANCED-ECOSYSTEM/AURA-OSINT-ADVANCED-ECOSYSTEM/[39mnode_modules/[4m@xenova[24m/transformers/src/pipelines.js:3279:5[90m)[39m
    at pipeline [90m(file:///home/runner/work/AURA-OSINT-ADVANCED-ECOSYSTEM/AURA-OSINT-ADVANCED-ECOSYSTEM/[39mnode_modules/[4m@xenova[24m/transformers/src/pipelines.js:3219:21[90m)[39m
    at EmbeddingService.loadLocalModel [90m(/home/runner/work/AURA-OSINT-ADVANCED-ECOSYSTEM/AURA-OSINT-ADVANCED-ECOSYSTEM/[39mai/gateway/src/rag/embedding.service.ts:56:20[90m)[39m

            </system-err>
            <failure message="expected 0.64 to be greater than 0.7" type="AssertionError">
AssertionError: expected 0.64 to be greater than 0.7
 ❯ ai/gateway/src/router/decision-engine.test.ts:52:35
            </failure>
        </testcase>
        <testcase classname="ai/gateway/src/router/decision-engine.test.ts" name="DecisionEngine &gt; decide &gt; should fallback to LLM for general queries" time="0.002348219">
            <system-out>
[Embeddings] Loading model: Xenova/multilingual-e5-small

            </system-out>
            <system-err>
[Embeddings] Failed to load model: Error: `local_files_only=true` or `env.allowRemoteModels=false` and file was not found locally at &quot;/home/runner/work/AURA-OSINT-ADVANCED-ECOSYSTEM/AURA-OSINT-ADVANCED-ECOSYSTEM/node_modules/@xenova/transformers/models/Xenova/multilingual-e5-small/tokenizer.json&quot;.
    at getModelFile [90m(file:///home/runner/work/AURA-OSINT-ADVANCED-ECOSYSTEM/AURA-OSINT-ADVANCED-ECOSYSTEM/[39mnode_modules/[4m@xenova[24m/transformers/src/utils/hub.js:459:27[90m)[39m
[90m    at processTicksAndRejections (node:internal/process/task_queues:95:5)[39m
    at getModelJSON [90m(file:///home/runner/work/AURA-OSINT-ADVANCED-ECOSYSTEM/AURA-OSINT-ADVANCED-ECOSYSTEM/[39mnode_modules/[4m@xenova[24m/transformers/src/utils/hub.js:572:18[90m)[39m
    at async Promise.all (index 0)
    at loadTokenizer [90m(file:///home/runner/work/AURA-OSINT-ADVANCED-ECOSYSTEM/AURA-OSINT-ADVANCED-ECOSYSTEM/[39mnode_modules/[4m@xenova[24m/transformers/src/tokenizers.js:61:18[90m)[39m
    at Function.from_pretrained [90m(file:///home/runner/work/AURA-OSINT-ADVANCED-ECOSYSTEM/AURA-OSINT-ADVANCED-ECOSYSTEM/[39mnode_modules/[4m@xenova[24m/transformers/src/tokenizers.js:4459:50[90m)[39m
    at async Promise.all (index 0)
    at loadItems [90m(file:///home/runner/work/AURA-OSINT-ADVANCED-ECOSYSTEM/AURA-OSINT-ADVANCED-ECOSYSTEM/[39mnode_modules/[4m@xenova[24m/transformers/src/pipelines.js:3279:5[90m)[39m
    at pipeline [90m(file:///home/runner/work/AURA-OSINT-ADVANCED-ECOSYSTEM/AURA-OSINT-ADVANCED-ECOSYSTEM/[39mnode_modules/[4m@xenova[24m/transformers/src/pipelines.js:3219:21[90m)[39m
    at EmbeddingService.loadLocalModel [90m(/home/runner/work/AURA-OSINT-ADVANCED-ECOSYSTEM/AURA-OSINT-ADVANCED-ECOSYSTEM/[39mai/gateway/src/rag/embedding.service.ts:56:20[90m)[39m

[Router] Semantic features extraction failed: Error: `local_files_only=true` or `env.allowRemoteModels=false` and file was not found locally at &quot;/home/runner/work/AURA-OSINT-ADVANCED-ECOSYSTEM/AURA-OSINT-ADVANCED-ECOSYSTEM/node_modules/@xenova/transformers/models/Xenova/multilingual-e5-small/tokenizer.json&quot;.
    at getModelFile [90m(file:///home/runner/work/AURA-OSINT-ADVANCED-ECOSYSTEM/AURA-OSINT-ADVANCED-ECOSYSTEM/[39mnode_modules/[4m@xenova[24m/transformers/src/utils/hub.js:459:27[90m)[39m
[90m    at processTicksAndRejections (node:internal/process/task_queues:95:5)[39m
    at getModelJSON [90m(file:///home/runner/work/AURA-OSINT-ADVANCED-ECOSYSTEM/AURA-OSINT-ADVANCED-ECOSYSTEM/[39mnode_modules/[4m@xenova[24m/transformers/src/utils/hub.js:572:18[90m)[39m
    at async Promise.all (index 0)
    at loadTokenizer [90m(file:///home/runner/work/AURA-OSINT-ADVANCED-ECOSYSTEM/AURA-OSINT-ADVANCED-ECOSYSTEM/[39mnode_modules/[4m@xenova[24m/transformers/src/tokenizers.js:61:18[90m)[39m
    at Function.from_pretrained [90m(file:///home/runner/work/AURA-OSINT-ADVANCED-ECOSYSTEM/AURA-OSINT-ADVANCED-ECOSYSTEM/[39mnode_modules/[4m@xenova[24m/transformers/src/tokenizers.js:4459:50[90m)[39m
    at async Promise.all (index 0)
    at loadItems [90m(file:///home/runner/work/AURA-OSINT-ADVANCED-ECOSYSTEM/AURA-OSINT-ADVANCED-ECOSYSTEM/[39mnode_modules/[4m@xenova[24m/transformers/src/pipelines.js:3279:5[90m)[39m
    at pipeline [90m(file:///home/runner/work/AURA-OSINT-ADVANCED-ECOSYSTEM/AURA-OSINT-ADVANCED-ECOSYSTEM/[39mnode_modules/[4m@xenova[24m/transformers/src/pipelines.js:3219:21[90m)[39m
    at EmbeddingService.loadLocalModel [90m(/home/runner/work/AURA-OSINT-ADVANCED-ECOSYSTEM/AURA-OSINT-ADVANCED-ECOSYSTEM/[39mai/gateway/src/rag/embedding.service.ts:56:20[90m)[39m

            </system-err>
        </testcase>
        <testcase classname="ai/gateway/src/router/decision-engine.test.ts" name="DecisionEngine &gt; decide &gt; should include features hash in decision" time="0.004541357">
            <system-out>
[Embeddings] Loading model: Xenova/multilingual-e5-small

            </system-out>
            <system-err>
[Embeddings] Failed to load model: Error: `local_files_only=true` or `env.allowRemoteModels=false` and file was not found locally at &quot;/home/runner/work/AURA-OSINT-ADVANCED-ECOSYSTEM/AURA-OSINT-ADVANCED-ECOSYSTEM/node_modules/@xenova/transformers/models/Xenova/multilingual-e5-small/tokenizer.json&quot;.
    at getModelFile [90m(file:///home/runner/work/AURA-OSINT-ADVANCED-ECOSYSTEM/AURA-OSINT-ADVANCED-ECOSYSTEM/[39mnode_modules/[4m@xenova[24m/transformers/src/utils/hub.js:459:27[90m)[39m
[90m    at processTicksAndRejections (node:internal/process/task_queues:95:5)[39m
    at getModelJSON [90m(file:///home/runner/work/AURA-OSINT-ADVANCED-ECOSYSTEM/AURA-OSINT-ADVANCED-ECOSYSTEM/[39mnode_modules/[4m@xenova[24m/transformers/src/utils/hub.js:572:18[90m)[39m
    at async Promise.all (index 0)
    at loadTokenizer [90m(file:///home/runner/work/AURA-OSINT-ADVANCED-ECOSYSTEM/AURA-OSINT-ADVANCED-ECOSYSTEM/[39mnode_modules/[4m@xenova[24m/transformers/src/tokenizers.js:61:18[90m)[39m
    at Function.from_pretrained [90m(file:///home/runner/work/AURA-OSINT-ADVANCED-ECOSYSTEM/AURA-OSINT-ADVANCED-ECOSYSTEM/[39mnode_modules/[4m@xenova[24m/transformers/src/tokenizers.js:4459:50[90m)[39m
    at async Promise.all (index 0)
    at loadItems [90m(file:///home/runner/work/AURA-OSINT-ADVANCED-ECOSYSTEM/AURA-OSINT-ADVANCED-ECOSYSTEM/[39mnode_modules/[4m@xenova[24m/transformers/src/pipelines.js:3279:5[90m)[39m
    at pipeline [90m(file:///home/runner/work/AURA-OSINT-ADVANCED-ECOSYSTEM/AURA-OSINT-ADVANCED-ECOSYSTEM/[39mnode_modules/[4m@xenova[24m/transformers/src/pipelines.js:3219:21[90m)[39m
    at EmbeddingService.loadLocalModel [90m(/home/runner/work/AURA-OSINT-ADVANCED-ECOSYSTEM/AURA-OSINT-ADVANCED-ECOSYSTEM/[39mai/gateway/src/rag/embedding.service.ts:56:20[90m)[39m

[Router] Semantic features extraction failed: Error: `local_files_only=true` or `env.allowRemoteModels=false` and file was not found locally at &quot;/home/runner/work/AURA-OSINT-ADVANCED-ECOSYSTEM/AURA-OSINT-ADVANCED-ECOSYSTEM/node_modules/@xenova/transformers/models/Xenova/multilingual-e5-small/tokenizer.json&quot;.
    at getModelFile [90m(file:///home/runner/work/AURA-OSINT-ADVANCED-ECOSYSTEM/AURA-OSINT-ADVANCED-ECOSYSTEM/[39mnode_modules/[4m@xenova[24m/transformers/src/utils/hub.js:459:27[90m)[39m
[90m    at processTicksAndRejections (node:internal/process/task_queues:95:5)[39m
    at getModelJSON [90m(file:///home/runner/work/AURA-OSINT-ADVANCED-ECOSYSTEM/AURA-OSINT-ADVANCED-ECOSYSTEM/[39mnode_modules/[4m@xenova[24m/transformers/src/utils/hub.js:572:18[90m)[39m
    at async Promise.all (index 0)
    at loadTokenizer [90m(file:///home/runner/work/AURA-OSINT-ADVANCED-ECOSYSTEM/AURA-OSINT-ADVANCED-ECOSYSTEM/[39mnode_modules/[4m@xenova[24m/transformers/src/tokenizers.js:61:18[90m)[39m
    at Function.from_pretrained [90m(file:///home/runner/work/AURA-OSINT-ADVANCED-ECOSYSTEM/AURA-OSINT-ADVANCED-ECOSYSTEM/[39mnode_modules/[4m@xenova[24m/transformers/src/tokenizers.js:4459:50[90m)[39m
    at async Promise.all (index 0)
    at loadItems [90m(file:///home/runner/work/AURA-OSINT-ADVANCED-ECOSYSTEM/AURA-OSINT-ADVANCED-ECOSYSTEM/[39mnode_modules/[4m@xenova[24m/transformers/src/pipelines.js:3279:5[90m)[39m
    at pipeline [90m(file:///home/runner/work/AURA-OSINT-ADVANCED-ECOSYSTEM/AURA-OSINT-ADVANCED-ECOSYSTEM/[39mnode_modules/[4m@xenova[24m/transformers/src/pipelines.js:3219:21[90m)[39m
    at EmbeddingService.loadLocalModel [90m(/home/runner/work/AURA-OSINT-ADVANCED-ECOSYSTEM/AURA-OSINT-ADVANCED-ECOSYSTEM/[39mai/gateway/src/rag/embedding.service.ts:56:20[90m)[39m

            </system-err>
        </testcase>
        <testcase classname="ai/gateway/src/router/decision-engine.test.ts" name="DecisionEngine &gt; decide &gt; should handle simulate mode" time="0.002570164">
            <system-out>
[Embeddings] Loading model: Xenova/multilingual-e5-small

            </system-out>
            <system-err>
[Embeddings] Failed to load model: Error: `local_files_only=true` or `env.allowRemoteModels=false` and file was not found locally at &quot;/home/runner/work/AURA-OSINT-ADVANCED-ECOSYSTEM/AURA-OSINT-ADVANCED-ECOSYSTEM/node_modules/@xenova/transformers/models/Xenova/multilingual-e5-small/tokenizer.json&quot;.
    at getModelFile [90m(file:///home/runner/work/AURA-OSINT-ADVANCED-ECOSYSTEM/AURA-OSINT-ADVANCED-ECOSYSTEM/[39mnode_modules/[4m@xenova[24m/transformers/src/utils/hub.js:459:27[90m)[39m
[90m    at processTicksAndRejections (node:internal/process/task_queues:95:5)[39m
    at getModelJSON [90m(file:///home/runner/work/AURA-OSINT-ADVANCED-ECOSYSTEM/AURA-OSINT-ADVANCED-ECOSYSTEM/[39mnode_modules/[4m@xenova[24m/transformers/src/utils/hub.js:572:18[90m)[39m
    at async Promise.all (index 0)
    at loadTokenizer [90m(file:///home/runner/work/AURA-OSINT-ADVANCED-ECOSYSTEM/AURA-OSINT-ADVANCED-ECOSYSTEM/[39mnode_modules/[4m@xenova[24m/transformers/src/tokenizers.js:61:18[90m)[39m
    at Function.from_pretrained [90m(file:///home/runner/work/AURA-OSINT-ADVANCED-ECOSYSTEM/AURA-OSINT-ADVANCED-ECOSYSTEM/[39mnode_modules/[4m@xenova[24m/transformers/src/tokenizers.js:4459:50[90m)[39m
    at async Promise.all (index 0)
    at loadItems [90m(file:///home/runner/work/AURA-OSINT-ADVANCED-ECOSYSTEM/AURA-OSINT-ADVANCED-ECOSYSTEM/[39mnode_modules/[4m@xenova[24m/transformers/src/pipelines.js:3279:5[90m)[39m
    at pipeline [90m(file:///home/runner/work/AURA-OSINT-ADVANCED-ECOSYSTEM/AURA-OSINT-ADVANCED-ECOSYSTEM/[39mnode_modules/[4m@xenova[24m/transformers/src/pipelines.js:3219:21[90m)[39m
    at EmbeddingService.loadLocalModel [90m(/home/runner/work/AURA-OSINT-ADVANCED-ECOSYSTEM/AURA-OSINT-ADVANCED-ECOSYSTEM/[39mai/gateway/src/rag/embedding.service.ts:56:20[90m)[39m

[Router] Semantic features extraction failed: Error: `local_files_only=true` or `env.allowRemoteModels=false` and file was not found locally at &quot;/home/runner/work/AURA-OSINT-ADVANCED-ECOSYSTEM/AURA-OSINT-ADVANCED-ECOSYSTEM/node_modules/@xenova/transformers/models/Xenova/multilingual-e5-small/tokenizer.json&quot;.
    at getModelFile [90m(file:///home/runner/work/AURA-OSINT-ADVANCED-ECOSYSTEM/AURA-OSINT-ADVANCED-ECOSYSTEM/[39mnode_modules/[4m@xenova[24m/transformers/src/utils/hub.js:459:27[90m)[39m
[90m    at processTicksAndRejections (node:internal/process/task_queues:95:5)[39m
    at getModelJSON [90m(file:///home/runner/work/AURA-OSINT-ADVANCED-ECOSYSTEM/AURA-OSINT-ADVANCED-ECOSYSTEM/[39mnode_modules/[4m@xenova[24m/transformers/src/utils/hub.js:572:18[90m)[39m
    at async Promise.all (index 0)
    at loadTokenizer [90m(file:///home/runner/work/AURA-OSINT-ADVANCED-ECOSYSTEM/AURA-OSINT-ADVANCED-ECOSYSTEM/[39mnode_modules/[4m@xenova[24m/transformers/src/tokenizers.js:61:18[90m)[39m
    at Function.from_pretrained [90m(file:///home/runner/work/AURA-OSINT-ADVANCED-ECOSYSTEM/AURA-OSINT-ADVANCED-ECOSYSTEM/[39mnode_modules/[4m@xenova[24m/transformers/src/tokenizers.js:4459:50[90m)[39m
    at async Promise.all (index 0)
    at loadItems [90m(file:///home/runner/work/AURA-OSINT-ADVANCED-ECOSYSTEM/AURA-OSINT-ADVANCED-ECOSYSTEM/[39mnode_modules/[4m@xenova[24m/transformers/src/pipelines.js:3279:5[90m)[39m
    at pipeline [90m(file:///home/runner/work/AURA-OSINT-ADVANCED-ECOSYSTEM/AURA-OSINT-ADVANCED-ECOSYSTEM/[39mnode_modules/[4m@xenova[24m/transformers/src/pipelines.js:3219:21[90m)[39m
    at EmbeddingService.loadLocalModel [90m(/home/runner/work/AURA-OSINT-ADVANCED-ECOSYSTEM/AURA-OSINT-ADVANCED-ECOSYSTEM/[39mai/gateway/src/rag/embedding.service.ts:56:20[90m)[39m

            </system-err>
        </testcase>
        <testcase classname="ai/gateway/src/router/decision-engine.test.ts" name="DecisionEngine &gt; getStats &gt; should return empty stats initially" time="0.000553578">
        </testcase>
        <testcase classname="ai/gateway/src/router/decision-engine.test.ts" name="DecisionEngine &gt; getStats &gt; should calculate stats after decisions" time="0.005109782">
            <system-out>
[Embeddings] Loading model: Xenova/multilingual-e5-small

[Embeddings] Loading model: Xenova/multilingual-e5-small

            </system-out>
            <system-err>
[Embeddings] Failed to load model: Error: `local_files_only=true` or `env.allowRemoteModels=false` and file was not found locally at &quot;/home/runner/work/AURA-OSINT-ADVANCED-ECOSYSTEM/AURA-OSINT-ADVANCED-ECOSYSTEM/node_modules/@xenova/transformers/models/Xenova/multilingual-e5-small/tokenizer.json&quot;.
    at getModelFile [90m(file:///home/runner/work/AURA-OSINT-ADVANCED-ECOSYSTEM/AURA-OSINT-ADVANCED-ECOSYSTEM/[39mnode_modules/[4m@xenova[24m/transformers/src/utils/hub.js:459:27[90m)[39m
[90m    at processTicksAndRejections (node:internal/process/task_queues:95:5)[39m
    at getModelJSON [90m(file:///home/runner/work/AURA-OSINT-ADVANCED-ECOSYSTEM/AURA-OSINT-ADVANCED-ECOSYSTEM/[39mnode_modules/[4m@xenova[24m/transformers/src/utils/hub.js:572:18[90m)[39m
    at async Promise.all (index 0)
    at loadTokenizer [90m(file:///home/runner/work/AURA-OSINT-ADVANCED-ECOSYSTEM/AURA-OSINT-ADVANCED-ECOSYSTEM/[39mnode_modules/[4m@xenova[24m/transformers/src/tokenizers.js:61:18[90m)[39m
    at Function.from_pretrained [90m(file:///home/runner/work/AURA-OSINT-ADVANCED-ECOSYSTEM/AURA-OSINT-ADVANCED-ECOSYSTEM/[39mnode_modules/[4m@xenova[24m/transformers/src/tokenizers.js:4459:50[90m)[39m
    at async Promise.all (index 0)
    at loadItems [90m(file:///home/runner/work/AURA-OSINT-ADVANCED-ECOSYSTEM/AURA-OSINT-ADVANCED-ECOSYSTEM/[39mnode_modules/[4m@xenova[24m/transformers/src/pipelines.js:3279:5[90m)[39m
    at pipeline [90m(file:///home/runner/work/AURA-OSINT-ADVANCED-ECOSYSTEM/AURA-OSINT-ADVANCED-ECOSYSTEM/[39mnode_modules/[4m@xenova[24m/transformers/src/pipelines.js:3219:21[90m)[39m
    at EmbeddingService.loadLocalModel [90m(/home/runner/work/AURA-OSINT-ADVANCED-ECOSYSTEM/AURA-OSINT-ADVANCED-ECOSYSTEM/[39mai/gateway/src/rag/embedding.service.ts:56:20[90m)[39m

[Router] Semantic features extraction failed: Error: `local_files_only=true` or `env.allowRemoteModels=false` and file was not found locally at &quot;/home/runner/work/AURA-OSINT-ADVANCED-ECOSYSTEM/AURA-OSINT-ADVANCED-ECOSYSTEM/node_modules/@xenova/transformers/models/Xenova/multilingual-e5-small/tokenizer.json&quot;.
    at getModelFile [90m(file:///home/runner/work/AURA-OSINT-ADVANCED-ECOSYSTEM/AURA-OSINT-ADVANCED-ECOSYSTEM/[39mnode_modules/[4m@xenova[24m/transformers/src/utils/hub.js:459:27[90m)[39m
[90m    at processTicksAndRejections (node:internal/process/task_queues:95:5)[39m
    at getModelJSON [90m(file:///home/runner/work/AURA-OSINT-ADVANCED-ECOSYSTEM/AURA-OSINT-ADVANCED-ECOSYSTEM/[39mnode_modules/[4m@xenova[24m/transformers/src/utils/hub.js:572:18[90m)[39m
    at async Promise.all (index 0)
    at loadTokenizer [90m(file:///home/runner/work/AURA-OSINT-ADVANCED-ECOSYSTEM/AURA-OSINT-ADVANCED-ECOSYSTEM/[39mnode_modules/[4m@xenova[24m/transformers/src/tokenizers.js:61:18[90m)[39m
    at Function.from_pretrained [90m(file:///home/runner/work/AURA-OSINT-ADVANCED-ECOSYSTEM/AURA-OSINT-ADVANCED-ECOSYSTEM/[39mnode_modules/[4m@xenova[24m/transformers/src/tokenizers.js:4459:50[90m)[39m
    at async Promise.all (index 0)
    at loadItems [90m(file:///home/runner/work/AURA-OSINT-ADVANCED-ECOSYSTEM/AURA-OSINT-ADVANCED-ECOSYSTEM/[39mnode_modules/[4m@xenova[24m/transformers/src/pipelines.js:3279:5[90m)[39m
    at pipeline [90m(file:///home/runner/work/AURA-OSINT-ADVANCED-ECOSYSTEM/AURA-OSINT-ADVANCED-ECOSYSTEM/[39mnode_modules/[4m@xenova[24m/transformers/src/pipelines.js:3219:21[90m)[39m
    at EmbeddingService.loadLocalModel [90m(/home/runner/work/AURA-OSINT-ADVANCED-ECOSYSTEM/AURA-OSINT-ADVANCED-ECOSYSTEM/[39mai/gateway/src/rag/embedding.service.ts:56:20[90m)[39m

[Embeddings] Failed to load model: Error: `local_files_only=true` or `env.allowRemoteModels=false` and file was not found locally at &quot;/home/runner/work/AURA-OSINT-ADVANCED-ECOSYSTEM/AURA-OSINT-ADVANCED-ECOSYSTEM/node_modules/@xenova/transformers/models/Xenova/multilingual-e5-small/tokenizer.json&quot;.
    at getModelFile [90m(file:///home/runner/work/AURA-OSINT-ADVANCED-ECOSYSTEM/AURA-OSINT-ADVANCED-ECOSYSTEM/[39mnode_modules/[4m@xenova[24m/transformers/src/utils/hub.js:459:27[90m)[39m
[90m    at processTicksAndRejections (node:internal/process/task_queues:95:5)[39m
    at getModelJSON [90m(file:///home/runner/work/AURA-OSINT-ADVANCED-ECOSYSTEM/AURA-OSINT-ADVANCED-ECOSYSTEM/[39mnode_modules/[4m@xenova[24m/transformers/src/utils/hub.js:572:18[90m)[39m
    at async Promise.all (index 0)
    at loadTokenizer [90m(file:///home/runner/work/AURA-OSINT-ADVANCED-ECOSYSTEM/AURA-OSINT-ADVANCED-ECOSYSTEM/[39mnode_modules/[4m@xenova[24m/transformers/src/tokenizers.js:61:18[90m)[39m
    at Function.from_pretrained [90m(file:///home/runner/work/AURA-OSINT-ADVANCED-ECOSYSTEM/AURA-OSINT-ADVANCED-ECOSYSTEM/[39mnode_modules/[4m@xenova[24m/transformers/src/tokenizers.js:4459:50[90m)[39m
    at async Promise.all (index 0)
    at loadItems [90m(file:///home/runner/work/AURA-OSINT-ADVANCED-ECOSYSTEM/AURA-OSINT-ADVANCED-ECOSYSTEM/[39mnode_modules/[4m@xenova[24m/transformers/src/pipelines.js:3279:5[90m)[39m
    at pipeline [90m(file:///home/runner/work/AURA-OSINT-ADVANCED-ECOSYSTEM/AURA-OSINT-ADVANCED-ECOSYSTEM/[39mnode_modules/[4m@xenova[24m/transformers/src/pipelines.js:3219:21[90m)[39m
    at EmbeddingService.loadLocalModel [90m(/home/runner/work/AURA-OSINT-ADVANCED-ECOSYSTEM/AURA-OSINT-ADVANCED-ECOSYSTEM/[39mai/gateway/src/rag/embedding.service.ts:56:20[90m)[39m

[Router] Semantic features extraction failed: Error: `local_files_only=true` or `env.allowRemoteModels=false` and file was not found locally at &quot;/home/runner/work/AURA-OSINT-ADVANCED-ECOSYSTEM/AURA-OSINT-ADVANCED-ECOSYSTEM/node_modules/@xenova/transformers/models/Xenova/multilingual-e5-small/tokenizer.json&quot;.
    at getModelFile [90m(file:///home/runner/work/AURA-OSINT-ADVANCED-ECOSYSTEM/AURA-OSINT-ADVANCED-ECOSYSTEM/[39mnode_modules/[4m@xenova[24m/transformers/src/utils/hub.js:459:27[90m)[39m
[90m    at processTicksAndRejections (node:internal/process/task_queues:95:5)[39m
    at getModelJSON [90m(file:///home/runner/work/AURA-OSINT-ADVANCED-ECOSYSTEM/AURA-OSINT-ADVANCED-ECOSYSTEM/[39mnode_modules/[4m@xenova[24m/transformers/src/utils/hub.js:572:18[90m)[39m
    at async Promise.all (index 0)
    at loadTokenizer [90m(file:///home/runner/work/AURA-OSINT-ADVANCED-ECOSYSTEM/AURA-OSINT-ADVANCED-ECOSYSTEM/[39mnode_modules/[4m@xenova[24m/transformers/src/tokenizers.js:61:18[90m)[39m
    at Function.from_pretrained [90m(file:///home/runner/work/AURA-OSINT-ADVANCED-ECOSYSTEM/AURA-OSINT-ADVANCED-ECOSYSTEM/[39mnode_modules/[4m@xenova[24m/transformers/src/tokenizers.js:4459:50[90m)[39m
    at async Promise.all (index 0)
    at loadItems [90m(file:///home/runner/work/AURA-OSINT-ADVANCED-ECOSYSTEM/AURA-OSINT-ADVANCED-ECOSYSTEM/[39mnode_modules/[4m@xenova[24m/transformers/src/pipelines.js:3279:5[90m)[39m
    at pipeline [90m(file:///home/runner/work/AURA-OSINT-ADVANCED-ECOSYSTEM/AURA-OSINT-ADVANCED-ECOSYSTEM/[39mnode_modules/[4m@xenova[24m/transformers/src/pipelines.js:3219:21[90m)[39m
    at EmbeddingService.loadLocalModel [90m(/home/runner/work/AURA-OSINT-ADVANCED-ECOSYSTEM/AURA-OSINT-ADVANCED-ECOSYSTEM/[39mai/gateway/src/rag/embedding.service.ts:56:20[90m)[39m

            </system-err>
        </testcase>
        <testcase classname="ai/gateway/src/router/decision-engine.test.ts" name="FeatureExtractor &gt; extract &gt; should extract basic features" time="0.002469346">
            <system-out>
[Embeddings] Loading model: Xenova/multilingual-e5-small

            </system-out>
            <failure message="expected undefined to be &apos;fr&apos; // Object.is equality" type="AssertionError">
AssertionError: expected undefined to be &apos;fr&apos; // Object.is equality

- Expected: 
&quot;fr&quot;

+ Received: 
undefined

 ❯ ai/gateway/src/router/decision-engine.test.ts:117:29
            </failure>
        </testcase>
        <testcase classname="ai/gateway/src/router/decision-engine.test.ts" name="FeatureExtractor &gt; extract &gt; should detect questions" time="0.001642246">
            <system-out>
[Embeddings] Loading model: Xenova/multilingual-e5-small

            </system-out>
            <failure message="expected undefined to be true // Object.is equality" type="AssertionError">
AssertionError: expected undefined to be true // Object.is equality

- Expected: 
true

+ Received: 
undefined

 ❯ ai/gateway/src/router/decision-engine.test.ts:127:37
            </failure>
        </testcase>
        <testcase classname="ai/gateway/src/router/decision-engine.test.ts" name="FeatureExtractor &gt; extract &gt; should count forensic terms" time="0.003344326">
            <system-out>
[Embeddings] Loading model: Xenova/multilingual-e5-small

            </system-out>
            <failure message="actual value must be number or bigint, received &quot;undefined&quot;" type="TypeError">
TypeError: actual value must be number or bigint, received &quot;undefined&quot;
 ❯ ai/gateway/src/router/decision-engine.test.ts:134:39
            </failure>
        </testcase>
        <testcase classname="ai/gateway/src/router/decision-engine.test.ts" name="FeatureExtractor &gt; extract &gt; should detect timeline markers" time="0.002440813">
            <system-out>
[Embeddings] Loading model: Xenova/multilingual-e5-small

            </system-out>
            <failure message="actual value must be number or bigint, received &quot;undefined&quot;" type="TypeError">
TypeError: actual value must be number or bigint, received &quot;undefined&quot;
 ❯ ai/gateway/src/router/decision-engine.test.ts:141:41
            </failure>
        </testcase>
        <testcase classname="ai/gateway/src/router/decision-engine.test.ts" name="FeatureExtractor &gt; extract &gt; should calculate risk score" time="0.002438479">
            <system-out>
[Embeddings] Loading model: Xenova/multilingual-e5-small

            </system-out>
            <failure message="actual value must be number or bigint, received &quot;undefined&quot;" type="TypeError">
TypeError: actual value must be number or bigint, received &quot;undefined&quot;
 ❯ ai/gateway/src/router/decision-engine.test.ts:151:45
            </failure>
        </testcase>
        <testcase classname="ai/gateway/src/router/decision-engine.test.ts" name="FeatureExtractor &gt; hashFeatures &gt; should generate consistent hash for same features" time="0.001100191">
            <system-out>
[Embeddings] Loading model: Xenova/multilingual-e5-small

            </system-out>
        </testcase>
        <testcase classname="ai/gateway/src/router/decision-engine.test.ts" name="FeatureExtractor &gt; hashFeatures &gt; should generate different hash for different features" time="0.001646625">
            <system-out>
[Embeddings] Loading model: Xenova/multilingual-e5-small

            </system-out>
            <failure message="expected &apos;44136fa355b3678a&apos; not to be &apos;44136fa355b3678a&apos; // Object.is equality" type="AssertionError">
AssertionError: expected &apos;44136fa355b3678a&apos; not to be &apos;44136fa355b3678a&apos; // Object.is equality
 ❯ ai/gateway/src/router/decision-engine.test.ts:172:25
            </failure>
        </testcase>
    </testsuite>
</testsuites>
