<?xml version="1.0" encoding="UTF-8" ?>
<testsuites name="vitest tests" tests="30" failures="4" errors="0" time="0.085224312">
    <testsuite name="ai/router/router.test.ts" timestamp="2025-10-13T02:12:38.267Z" hostname="runnervmwhb2z" tests="8" failures="0" errors="0" skipped="0" time="0.008949991">
        <testcase classname="ai/router/router.test.ts" name="AlgorithmRouter &gt; should route to ner for Entity extraction with multiple entities" time="0.004519571">
        </testcase>
        <testcase classname="ai/router/router.test.ts" name="AlgorithmRouter &gt; should route to forensic for Forensic timeline analysis" time="0.000376306">
        </testcase>
        <testcase classname="ai/router/router.test.ts" name="AlgorithmRouter &gt; should route to nlp for NLP classification for toxicity" time="0.000214072">
        </testcase>
        <testcase classname="ai/router/router.test.ts" name="AlgorithmRouter &gt; should route to rag+llm for RAG retrieval query" time="0.000219642">
        </testcase>
        <testcase classname="ai/router/router.test.ts" name="AlgorithmRouter &gt; should route to llm for General knowledge query" time="0.000206266">
        </testcase>
        <testcase classname="ai/router/router.test.ts" name="AlgorithmRouter &gt; should detect harassment with high lexical score" time="0.000199965">
        </testcase>
        <testcase classname="ai/router/router.test.ts" name="AlgorithmRouter &gt; should extract entities correctly" time="0.001203273">
        </testcase>
        <testcase classname="ai/router/router.test.ts" name="AlgorithmRouter &gt; should estimate token savings" time="0.000179927">
        </testcase>
    </testsuite>
    <testsuite name="tests/integration/roadmap-integration.test.js" timestamp="2025-10-13T02:12:38.270Z" hostname="runnervmwhb2z" tests="12" failures="2" errors="0" skipped="0" time="0.044044049">
        <testcase classname="tests/integration/roadmap-integration.test.js" name="AURA Roadmap Integration Tests &gt; Configuration System &gt; should load unified configuration" time="0.003505329">
        </testcase>
        <testcase classname="tests/integration/roadmap-integration.test.js" name="AURA Roadmap Integration Tests &gt; Configuration System &gt; should validate configuration" time="0.000321532">
        </testcase>
        <testcase classname="tests/integration/roadmap-integration.test.js" name="AURA Roadmap Integration Tests &gt; Domain-Driven Design Architecture &gt; should create incident entity" time="0.000703899">
        </testcase>
        <testcase classname="tests/integration/roadmap-integration.test.js" name="AURA Roadmap Integration Tests &gt; Domain-Driven Design Architecture &gt; should handle business rules" time="0.000232676">
        </testcase>
        <testcase classname="tests/integration/roadmap-integration.test.js" name="AURA Roadmap Integration Tests &gt; Harassment Detection Algorithm &gt; should detect harassment in messages" time="0.000714118">
        </testcase>
        <testcase classname="tests/integration/roadmap-integration.test.js" name="AURA Roadmap Integration Tests &gt; Harassment Detection Algorithm &gt; should provide detailed analysis" time="0.003209585">
        </testcase>
        <testcase classname="tests/integration/roadmap-integration.test.js" name="AURA Roadmap Integration Tests &gt; Forensic Timeline Analyzer &gt; should analyze incident timeline" time="0.000716091">
        </testcase>
        <testcase classname="tests/integration/roadmap-integration.test.js" name="AURA Roadmap Integration Tests &gt; Forensic Timeline Analyzer &gt; should detect coordinated attacks" time="0.0003207">
        </testcase>
        <testcase classname="tests/integration/roadmap-integration.test.js" name="AURA Roadmap Integration Tests &gt; Anti-Harassment Engine &gt; should initialize successfully" time="0.002657049">
        </testcase>
        <testcase classname="tests/integration/roadmap-integration.test.js" name="AURA Roadmap Integration Tests &gt; Anti-Harassment Engine &gt; should analyze messages and create incidents" time="0.027646353">
            <failure message="The expression evaluated to a falsy value:

  assert(result.isHarassment === true)
" type="AssertionError">
AssertionError: The expression evaluated to a falsy value:

  assert(result.isHarassment === true)


- Expected
+ Received

- true
+ false

 ❯ tests/integration/roadmap-integration.test.js:196:7
            </failure>
        </testcase>
        <testcase classname="tests/integration/roadmap-integration.test.js" name="AURA Roadmap Integration Tests &gt; Anti-Harassment Engine &gt; should analyze session data" time="0.000604483">
        </testcase>
        <testcase classname="tests/integration/roadmap-integration.test.js" name="AURA Roadmap Integration Tests &gt; Integration Flow &gt; should handle complete harassment detection flow" time="0.001239903">
            <failure message="The expression evaluated to a falsy value:

  assert(result.isHarassment === true)
" type="AssertionError">
AssertionError: The expression evaluated to a falsy value:

  assert(result.isHarassment === true)


- Expected
+ Received

- true
+ false

 ❯ tests/integration/roadmap-integration.test.js:270:7
            </failure>
        </testcase>
    </testsuite>
    <testsuite name="tests/unit/backend.test.ts" timestamp="2025-10-13T02:12:38.276Z" hostname="runnervmwhb2z" tests="2" failures="0" errors="0" skipped="0" time="0.005367567">
        <testcase classname="tests/unit/backend.test.ts" name="Backend OSINT API &gt; should validate job schema" time="0.002205903">
        </testcase>
        <testcase classname="tests/unit/backend.test.ts" name="Backend OSINT API &gt; should generate unique job IDs" time="0.001312129">
        </testcase>
    </testsuite>
    <testsuite name="ai/gateway/src/preintel/preintel.test.ts" timestamp="2025-10-13T02:12:38.276Z" hostname="runnervmwhb2z" tests="7" failures="1" errors="0" skipped="0" time="0.026862705">
        <testcase classname="ai/gateway/src/preintel/preintel.test.ts" name="PreIntelPipeline &gt; run &gt; should process text and return metadata" time="0.00787729">
        </testcase>
        <testcase classname="ai/gateway/src/preintel/preintel.test.ts" name="PreIntelPipeline &gt; run &gt; should detect cache hits on repeated inputs" time="0.000989675">
        </testcase>
        <testcase classname="ai/gateway/src/preintel/preintel.test.ts" name="PreIntelPipeline &gt; run &gt; should handle dry run mode" time="0.000755205">
        </testcase>
        <testcase classname="ai/gateway/src/preintel/preintel.test.ts" name="PreIntelPipeline &gt; run &gt; should apply pruning when enabled" time="0.013634649">
            <failure message="expected false to be true // Object.is equality" type="AssertionError">
AssertionError: expected false to be true // Object.is equality

- Expected
+ Received

- true
+ false

 ❯ ai/gateway/src/preintel/preintel.test.ts:63:46
            </failure>
        </testcase>
        <testcase classname="ai/gateway/src/preintel/preintel.test.ts" name="PreIntelPipeline &gt; run &gt; should detect language correctly" time="0.00056066">
        </testcase>
        <testcase classname="ai/gateway/src/preintel/preintel.test.ts" name="PreIntelPipeline &gt; cache management &gt; should clear cache" time="0.000503704">
        </testcase>
        <testcase classname="ai/gateway/src/preintel/preintel.test.ts" name="PreIntelPipeline &gt; cache management &gt; should provide cache statistics" time="0.000422151">
        </testcase>
    </testsuite>
    <testsuite name="ai/gateway/src/router/decision-engine.test.ts" timestamp="2025-10-13T02:12:38.278Z" hostname="runnervmwhb2z" tests="1" failures="1" errors="0" skipped="0" time="0">
        <testcase classname="ai/gateway/src/router/decision-engine.test.ts" name="ai/gateway/src/router/decision-engine.test.ts" time="0">
            <failure message="
Something went wrong installing the &quot;sharp&quot; module

Cannot find module &apos;../build/Release/sharp-linux-x64.node&apos;
Require stack:
- /home/runner/work/AURA-OSINT-ADVANCED-ECOSYSTEM/AURA-OSINT-ADVANCED-ECOSYSTEM/node_modules/sharp/lib/sharp.js
- /home/runner/work/AURA-OSINT-ADVANCED-ECOSYSTEM/AURA-OSINT-ADVANCED-ECOSYSTEM/node_modules/sharp/lib/constructor.js
- /home/runner/work/AURA-OSINT-ADVANCED-ECOSYSTEM/AURA-OSINT-ADVANCED-ECOSYSTEM/node_modules/sharp/lib/index.js

Possible solutions:
- Install with verbose logging and look for errors: &quot;npm install --ignore-scripts=false --foreground-scripts --verbose sharp&quot;
- Install for the current linux-x64 runtime: &quot;npm install --platform=linux --arch=x64 sharp&quot;
- Consult the installation documentation: https://sharp.pixelplumbing.com/install" type="Error">
Error: 
Something went wrong installing the &quot;sharp&quot; module

Cannot find module &apos;../build/Release/sharp-linux-x64.node&apos;
Require stack:
- /home/runner/work/AURA-OSINT-ADVANCED-ECOSYSTEM/AURA-OSINT-ADVANCED-ECOSYSTEM/node_modules/sharp/lib/sharp.js
- /home/runner/work/AURA-OSINT-ADVANCED-ECOSYSTEM/AURA-OSINT-ADVANCED-ECOSYSTEM/node_modules/sharp/lib/constructor.js
- /home/runner/work/AURA-OSINT-ADVANCED-ECOSYSTEM/AURA-OSINT-ADVANCED-ECOSYSTEM/node_modules/sharp/lib/index.js

Possible solutions:
- Install with verbose logging and look for errors: &quot;npm install --ignore-scripts=false --foreground-scripts --verbose sharp&quot;
- Install for the current linux-x64 runtime: &quot;npm install --platform=linux --arch=x64 sharp&quot;
- Consult the installation documentation: https://sharp.pixelplumbing.com/install
 ❯ Object.&lt;anonymous&gt; node_modules/sharp/lib/sharp.js:37:9
 ❯ Object.&lt;anonymous&gt; node_modules/sharp/lib/constructor.js:11:1
            </failure>
        </testcase>
    </testsuite>
</testsuites>
