<?xml version="1.0" encoding="UTF-8" ?>
<testsuites name="vitest tests" tests="30" failures="6" errors="0" time="0.167449042">
    <testsuite name="ai/router/router.test.ts" timestamp="2025-10-10T14:50:30.483Z" hostname="soufiane-HP-Laptop-15s-eq1xxx" tests="8" failures="0" errors="0" skipped="0" time="0.012443356">
        <testcase classname="ai/router/router.test.ts" name="AlgorithmRouter &gt; should route to ner for Entity extraction with multiple entities" time="0.005369873">
        </testcase>
        <testcase classname="ai/router/router.test.ts" name="AlgorithmRouter &gt; should route to forensic for Forensic timeline analysis" time="0.000651774">
        </testcase>
        <testcase classname="ai/router/router.test.ts" name="AlgorithmRouter &gt; should route to nlp for NLP classification for toxicity" time="0.000336643">
        </testcase>
        <testcase classname="ai/router/router.test.ts" name="AlgorithmRouter &gt; should route to rag+llm for RAG retrieval query" time="0.000617342">
        </testcase>
        <testcase classname="ai/router/router.test.ts" name="AlgorithmRouter &gt; should route to llm for General knowledge query" time="0.000515511">
        </testcase>
        <testcase classname="ai/router/router.test.ts" name="AlgorithmRouter &gt; should detect harassment with high lexical score" time="0.000405648">
        </testcase>
        <testcase classname="ai/router/router.test.ts" name="AlgorithmRouter &gt; should extract entities correctly" time="0.001947849">
        </testcase>
        <testcase classname="ai/router/router.test.ts" name="AlgorithmRouter &gt; should estimate token savings" time="0.000374009">
        </testcase>
    </testsuite>
    <testsuite name="tests/integration/roadmap-integration.test.js" timestamp="2025-10-10T14:50:30.486Z" hostname="soufiane-HP-Laptop-15s-eq1xxx" tests="12" failures="4" errors="0" skipped="0" time="0.072919227">
        <testcase classname="tests/integration/roadmap-integration.test.js" name="AURA Roadmap Integration Tests &gt; Configuration System &gt; should load unified configuration" time="0.016537967">
            <failure message="config.isDevelopment is not a function" type="TypeError">
TypeError: config.isDevelopment is not a function
 ❯ tests/integration/roadmap-integration.test.js:17:21
            </failure>
        </testcase>
        <testcase classname="tests/integration/roadmap-integration.test.js" name="AURA Roadmap Integration Tests &gt; Configuration System &gt; should validate configuration" time="0.000573829">
        </testcase>
        <testcase classname="tests/integration/roadmap-integration.test.js" name="AURA Roadmap Integration Tests &gt; Domain-Driven Design Architecture &gt; should create incident entity" time="0.02270824">
        </testcase>
        <testcase classname="tests/integration/roadmap-integration.test.js" name="AURA Roadmap Integration Tests &gt; Domain-Driven Design Architecture &gt; should handle business rules" time="0.000551969">
        </testcase>
        <testcase classname="tests/integration/roadmap-integration.test.js" name="AURA Roadmap Integration Tests &gt; Harassment Detection Algorithm &gt; should detect harassment in messages" time="0.000826102">
        </testcase>
        <testcase classname="tests/integration/roadmap-integration.test.js" name="AURA Roadmap Integration Tests &gt; Harassment Detection Algorithm &gt; should provide detailed analysis" time="0.01819066">
            <failure message="The expression evaluated to a falsy value:

  assert(result.severity &gt;= 8)
" type="AssertionError">
AssertionError: The expression evaluated to a falsy value:

  assert(result.severity &gt;= 8)


- Expected
+ Received

- true
+ false

 ❯ tests/integration/roadmap-integration.test.js:89:7
            </failure>
        </testcase>
        <testcase classname="tests/integration/roadmap-integration.test.js" name="AURA Roadmap Integration Tests &gt; Forensic Timeline Analyzer &gt; should analyze incident timeline" time="0.004859531">
        </testcase>
        <testcase classname="tests/integration/roadmap-integration.test.js" name="AURA Roadmap Integration Tests &gt; Forensic Timeline Analyzer &gt; should detect coordinated attacks" time="0.000991699">
        </testcase>
        <testcase classname="tests/integration/roadmap-integration.test.js" name="AURA Roadmap Integration Tests &gt; Anti-Harassment Engine &gt; should initialize successfully" time="0.000837696">
        </testcase>
        <testcase classname="tests/integration/roadmap-integration.test.js" name="AURA Roadmap Integration Tests &gt; Anti-Harassment Engine &gt; should analyze messages and create incidents" time="0.001883035">
            <failure message="The expression evaluated to a falsy value:

  assert(result.isHarassment === true)
" type="AssertionError">
AssertionError: The expression evaluated to a falsy value:

  assert(result.isHarassment === true)


- Expected
+ Received

- true
+ false

 ❯ tests/integration/roadmap-integration.test.js:196:7
            </failure>
        </testcase>
        <testcase classname="tests/integration/roadmap-integration.test.js" name="AURA Roadmap Integration Tests &gt; Anti-Harassment Engine &gt; should analyze session data" time="0.000494698">
        </testcase>
        <testcase classname="tests/integration/roadmap-integration.test.js" name="AURA Roadmap Integration Tests &gt; Integration Flow &gt; should handle complete harassment detection flow" time="0.001739508">
            <failure message="The expression evaluated to a falsy value:

  assert(result.isHarassment === true)
" type="AssertionError">
AssertionError: The expression evaluated to a falsy value:

  assert(result.isHarassment === true)


- Expected
+ Received

- true
+ false

 ❯ tests/integration/roadmap-integration.test.js:270:7
            </failure>
        </testcase>
    </testsuite>
    <testsuite name="tests/unit/backend.test.ts" timestamp="2025-10-10T14:50:30.493Z" hostname="soufiane-HP-Laptop-15s-eq1xxx" tests="2" failures="0" errors="0" skipped="0" time="0.006813945">
        <testcase classname="tests/unit/backend.test.ts" name="Backend OSINT API &gt; should validate job schema" time="0.003079445">
        </testcase>
        <testcase classname="tests/unit/backend.test.ts" name="Backend OSINT API &gt; should generate unique job IDs" time="0.001598775">
        </testcase>
    </testsuite>
    <testsuite name="ai/gateway/src/preintel/preintel.test.ts" timestamp="2025-10-10T14:50:30.493Z" hostname="soufiane-HP-Laptop-15s-eq1xxx" tests="7" failures="1" errors="0" skipped="0" time="0.075272514">
        <testcase classname="ai/gateway/src/preintel/preintel.test.ts" name="PreIntelPipeline &gt; run &gt; should process text and return metadata" time="0.017539305">
        </testcase>
        <testcase classname="ai/gateway/src/preintel/preintel.test.ts" name="PreIntelPipeline &gt; run &gt; should detect cache hits on repeated inputs" time="0.000667559">
        </testcase>
        <testcase classname="ai/gateway/src/preintel/preintel.test.ts" name="PreIntelPipeline &gt; run &gt; should handle dry run mode" time="0.001392109">
        </testcase>
        <testcase classname="ai/gateway/src/preintel/preintel.test.ts" name="PreIntelPipeline &gt; run &gt; should apply pruning when enabled" time="0.035532379">
            <failure message="expected false to be true // Object.is equality" type="AssertionError">
AssertionError: expected false to be true // Object.is equality

- Expected
+ Received

- true
+ false

 ❯ ai/gateway/src/preintel/preintel.test.ts:63:46
            </failure>
        </testcase>
        <testcase classname="ai/gateway/src/preintel/preintel.test.ts" name="PreIntelPipeline &gt; run &gt; should detect language correctly" time="0.00108487">
        </testcase>
        <testcase classname="ai/gateway/src/preintel/preintel.test.ts" name="PreIntelPipeline &gt; cache management &gt; should clear cache" time="0.002007774">
        </testcase>
        <testcase classname="ai/gateway/src/preintel/preintel.test.ts" name="PreIntelPipeline &gt; cache management &gt; should provide cache statistics" time="0.000409978">
        </testcase>
    </testsuite>
    <testsuite name="ai/gateway/src/router/decision-engine.test.ts" timestamp="2025-10-10T14:50:30.496Z" hostname="soufiane-HP-Laptop-15s-eq1xxx" tests="1" failures="1" errors="0" skipped="0" time="0">
        <testcase classname="ai/gateway/src/router/decision-engine.test.ts" name="ai/gateway/src/router/decision-engine.test.ts" time="0">
            <failure message="
Something went wrong installing the &quot;sharp&quot; module

Cannot find module &apos;../build/Release/sharp-linux-x64.node&apos;
Require stack:
- /home/soufiane/AURA-OSINT-ADVANCED-ECOSYSTEM/node_modules/.pnpm/sharp@0.32.6/node_modules/sharp/lib/sharp.js
- /home/soufiane/AURA-OSINT-ADVANCED-ECOSYSTEM/node_modules/.pnpm/sharp@0.32.6/node_modules/sharp/lib/constructor.js
- /home/soufiane/AURA-OSINT-ADVANCED-ECOSYSTEM/node_modules/.pnpm/sharp@0.32.6/node_modules/sharp/lib/index.js

Possible solutions:
- Install with verbose logging and look for errors: &quot;npm install --ignore-scripts=false --foreground-scripts --verbose sharp&quot;
- Install for the current linux-x64 runtime: &quot;npm install --platform=linux --arch=x64 sharp&quot;
- Consult the installation documentation: https://sharp.pixelplumbing.com/install" type="Error">
Error: 
Something went wrong installing the &quot;sharp&quot; module

Cannot find module &apos;../build/Release/sharp-linux-x64.node&apos;
Require stack:
- /home/soufiane/AURA-OSINT-ADVANCED-ECOSYSTEM/node_modules/.pnpm/sharp@0.32.6/node_modules/sharp/lib/sharp.js
- /home/soufiane/AURA-OSINT-ADVANCED-ECOSYSTEM/node_modules/.pnpm/sharp@0.32.6/node_modules/sharp/lib/constructor.js
- /home/soufiane/AURA-OSINT-ADVANCED-ECOSYSTEM/node_modules/.pnpm/sharp@0.32.6/node_modules/sharp/lib/index.js

Possible solutions:
- Install with verbose logging and look for errors: &quot;npm install --ignore-scripts=false --foreground-scripts --verbose sharp&quot;
- Install for the current linux-x64 runtime: &quot;npm install --platform=linux --arch=x64 sharp&quot;
- Consult the installation documentation: https://sharp.pixelplumbing.com/install
 ❯ Object.&lt;anonymous&gt; node_modules/.pnpm/sharp@0.32.6/node_modules/sharp/lib/sharp.js:37:9
 ❯ Object.&lt;anonymous&gt; node_modules/.pnpm/sharp@0.32.6/node_modules/sharp/lib/constructor.js:11:1
            </failure>
        </testcase>
    </testsuite>
</testsuites>
