<?xml version="1.0" encoding="UTF-8"?>
<coverage generated="1759934313599" clover="3.2.0">
  <project timestamp="1759934313599" name="All files">
    <metrics statements="23" coveredstatements="11" conditionals="12" coveredconditionals="0" methods="12" coveredmethods="4" elements="47" coveredelements="15" complexity="0" loc="23" ncloc="23" packages="2" files="4" classes="4"/>
    <package name="src">
      <metrics statements="5" coveredstatements="0" conditionals="12" coveredconditionals="0" methods="3" coveredmethods="0"/>
      <file name="App.js" path="/home/soufiane/TikTok-Live-Analyser/marketing/sites/vitrine-aura-advanced-osint-ecosystem/src/App.js">
        <metrics statements="5" coveredstatements="0" conditionals="12" coveredconditionals="0" methods="3" coveredmethods="0"/>
        <line num="8" count="0" type="stmt"/>
        <line num="10" count="0" type="stmt"/>
        <line num="18" count="0" type="stmt"/>
        <line num="26" count="0" type="stmt"/>
        <line num="29" count="0" type="stmt"/>
      </file>
    </package>
    <package name="src.components">
      <metrics statements="18" coveredstatements="11" conditionals="0" coveredconditionals="0" methods="9" coveredmethods="4"/>
      <file name="Contact.js" path="/home/soufiane/TikTok-Live-Analyser/marketing/sites/vitrine-aura-advanced-osint-ecosystem/src/components/Contact.js">
        <metrics statements="9" coveredstatements="8" conditionals="0" coveredconditionals="0" methods="3" coveredmethods="2"/>
        <line num="5" count="1" type="stmt"/>
        <line num="6" count="4" type="stmt"/>
        <line num="14" count="3" type="stmt"/>
        <line num="15" count="1" type="stmt"/>
        <line num="17" count="1" type="stmt"/>
        <line num="18" count="1" type="stmt"/>
        <line num="21" count="3" type="stmt"/>
        <line num="22" count="0" type="stmt"/>
        <line num="28" count="3" type="stmt"/>
      </file>
      <file name="Hero.js" path="/home/soufiane/TikTok-Live-Analyser/marketing/sites/vitrine-aura-advanced-osint-ecosystem/src/components/Hero.js">
        <metrics statements="4" coveredstatements="3" conditionals="0" coveredconditionals="0" methods="3" coveredmethods="2"/>
        <line num="5" count="1" type="stmt"/>
        <line num="6" count="4" type="stmt"/>
        <line num="49" count="1" type="stmt"/>
        <line num="57" count="0" type="stmt"/>
      </file>
      <file name="Services.js" path="/home/soufiane/TikTok-Live-Analyser/marketing/sites/vitrine-aura-advanced-osint-ecosystem/src/components/Services.js">
        <metrics statements="5" coveredstatements="0" conditionals="0" coveredconditionals="0" methods="3" coveredmethods="0"/>
        <line num="5" count="0" type="stmt"/>
        <line num="6" count="0" type="stmt"/>
        <line num="51" count="0" type="stmt"/>
        <line num="66" count="0" type="stmt"/>
        <line num="81" count="0" type="stmt"/>
      </file>
    </package>
  </project>
</coverage>
