{"/home/soufiane/AURA-OSINT-ADVANCED-ECOSYSTEM/marketing/sites/vitrine-aura-advanced-osint-ecosystem/src/App.js": {"path":"/home/soufiane/AURA-OSINT-ADVANCED-ECOSYSTEM/marketing/sites/vitrine-aura-advanced-osint-ecosystem/src/App.js","statementMap":{"0":{"start":{"line":8,"column":44},"end":{"line":8,"column":60}},"1":{"start":{"line":10,"column":21},"end":{"line":16,"column":3}},"2":{"start":{"line":18,"column":2},"end":{"line":121,"column":4}},"3":{"start":{"line":26,"column":12},"end":{"line":32,"column":21}},"4":{"start":{"line":29,"column":29},"end":{"line":29,"column":54}}},"fnMap":{"0":{"name":"App","decl":{"start":{"line":7,"column":9},"end":{"line":7,"column":12}},"loc":{"start":{"line":7,"column":15},"end":{"line":122,"column":1}},"line":7},"1":{"name":"(anonymous_1)","decl":{"start":{"line":25,"column":26},"end":{"line":25,"column":27}},"loc":{"start":{"line":26,"column":12},"end":{"line":32,"column":21}},"line":26},"2":{"name":"(anonymous_2)","decl":{"start":{"line":29,"column":23},"end":{"line":29,"column":24}},"loc":{"start":{"line":29,"column":29},"end":{"line":29,"column":54}},"line":29}},"branchMap":{"0":{"loc":{"start":{"line":28,"column":37},"end":{"line":28,"column":78}},"type":"cond-expr","locations":[{"start":{"line":28,"column":65},"end":{"line":28,"column":73}},{"start":{"line":28,"column":76},"end":{"line":28,"column":78}}],"line":28},"1":{"loc":{"start":{"line":38,"column":9},"end":{"line":38,"column":45}},"type":"binary-expr","locations":[{"start":{"line":38,"column":9},"end":{"line":38,"column":33}},{"start":{"line":38,"column":37},"end":{"line":38,"column":45}}],"line":38},"2":{"loc":{"start":{"line":39,"column":9},"end":{"line":39,"column":53}},"type":"binary-expr","locations":[{"start":{"line":39,"column":9},"end":{"line":39,"column":37}},{"start":{"line":39,"column":41},"end":{"line":39,"column":53}}],"line":39},"3":{"loc":{"start":{"line":40,"column":9},"end":{"line":40,"column":51}},"type":"binary-expr","locations":[{"start":{"line":40,"column":9},"end":{"line":40,"column":36}},{"start":{"line":40,"column":40},"end":{"line":40,"column":51}}],"line":40},"4":{"loc":{"start":{"line":42,"column":9},"end":{"line":65,"column":9}},"type":"binary-expr","locations":[{"start":{"line":42,"column":9},"end":{"line":42,"column":38}},{"start":{"line":43,"column":10},"end":{"line":64,"column":20}}],"line":42},"5":{"loc":{"start":{"line":67,"column":9},"end":{"line":90,"column":9}},"type":"binary-expr","locations":[{"start":{"line":67,"column":9},"end":{"line":67,"column":34}},{"start":{"line":68,"column":10},"end":{"line":89,"column":20}}],"line":67}},"s":{"0":0,"1":0,"2":0,"3":0,"4":0},"f":{"0":0,"1":0,"2":0},"b":{"0":[0,0],"1":[0,0],"2":[0,0],"3":[0,0],"4":[0,0],"5":[0,0]}}
,"/home/soufiane/AURA-OSINT-ADVANCED-ECOSYSTEM/marketing/sites/vitrine-aura-advanced-osint-ecosystem/src/components/Contact.js": {"path":"/home/soufiane/AURA-OSINT-ADVANCED-ECOSYSTEM/marketing/sites/vitrine-aura-advanced-osint-ecosystem/src/components/Contact.js","statementMap":{"0":{"start":{"line":5,"column":16},"end":{"line":166,"column":1}},"1":{"start":{"line":6,"column":34},"end":{"line":12,"column":4}},"2":{"start":{"line":14,"column":23},"end":{"line":19,"column":3}},"3":{"start":{"line":15,"column":4},"end":{"line":15,"column":23}},"4":{"start":{"line":17,"column":4},"end":{"line":17,"column":45}},"5":{"start":{"line":18,"column":4},"end":{"line":18,"column":65}},"6":{"start":{"line":21,"column":23},"end":{"line":26,"column":3}},"7":{"start":{"line":22,"column":4},"end":{"line":25,"column":7}},"8":{"start":{"line":28,"column":2},"end":{"line":165,"column":4}}},"fnMap":{"0":{"name":"(anonymous_0)","decl":{"start":{"line":5,"column":16},"end":{"line":5,"column":17}},"loc":{"start":{"line":5,"column":22},"end":{"line":166,"column":1}},"line":5},"1":{"name":"(anonymous_1)","decl":{"start":{"line":14,"column":23},"end":{"line":14,"column":24}},"loc":{"start":{"line":14,"column":30},"end":{"line":19,"column":3}},"line":14},"2":{"name":"(anonymous_2)","decl":{"start":{"line":21,"column":23},"end":{"line":21,"column":24}},"loc":{"start":{"line":21,"column":30},"end":{"line":26,"column":3}},"line":21}},"branchMap":{},"s":{"0":1,"1":4,"2":3,"3":1,"4":1,"5":1,"6":3,"7":0,"8":3},"f":{"0":4,"1":1,"2":0},"b":{},"_coverageSchema":"1a1c01bbd47fc00a2c39e90264f33305004495a9","hash":"32bb55af3a55dc0e6abb3787312003f3a4de2fe6"}
,"/home/soufiane/AURA-OSINT-ADVANCED-ECOSYSTEM/marketing/sites/vitrine-aura-advanced-osint-ecosystem/src/components/Hero.js": {"path":"/home/soufiane/AURA-OSINT-ADVANCED-ECOSYSTEM/marketing/sites/vitrine-aura-advanced-osint-ecosystem/src/components/Hero.js","statementMap":{"0":{"start":{"line":5,"column":13},"end":{"line":81,"column":1}},"1":{"start":{"line":6,"column":2},"end":{"line":80,"column":4}},"2":{"start":{"line":49,"column":29},"end":{"line":49,"column":75}},"3":{"start":{"line":57,"column":29},"end":{"line":57,"column":102}}},"fnMap":{"0":{"name":"(anonymous_0)","decl":{"start":{"line":5,"column":13},"end":{"line":5,"column":14}},"loc":{"start":{"line":5,"column":19},"end":{"line":81,"column":1}},"line":5},"1":{"name":"(anonymous_1)","decl":{"start":{"line":49,"column":23},"end":{"line":49,"column":24}},"loc":{"start":{"line":49,"column":29},"end":{"line":49,"column":75}},"line":49},"2":{"name":"(anonymous_2)","decl":{"start":{"line":57,"column":23},"end":{"line":57,"column":24}},"loc":{"start":{"line":57,"column":29},"end":{"line":57,"column":102}},"line":57}},"branchMap":{},"s":{"0":1,"1":4,"2":1,"3":0},"f":{"0":4,"1":1,"2":0},"b":{},"_coverageSchema":"1a1c01bbd47fc00a2c39e90264f33305004495a9","hash":"e5ae58f704da013c54dfb3aeb457a6459faa1576"}
,"/home/soufiane/AURA-OSINT-ADVANCED-ECOSYSTEM/marketing/sites/vitrine-aura-advanced-osint-ecosystem/src/components/Services.js": {"path":"/home/soufiane/AURA-OSINT-ADVANCED-ECOSYSTEM/marketing/sites/vitrine-aura-advanced-osint-ecosystem/src/components/Services.js","statementMap":{"0":{"start":{"line":5,"column":17},"end":{"line":103,"column":1}},"1":{"start":{"line":6,"column":19},"end":{"line":49,"column":3}},"2":{"start":{"line":51,"column":2},"end":{"line":102,"column":4}},"3":{"start":{"line":66,"column":12},"end":{"line":86,"column":25}},"4":{"start":{"line":81,"column":18},"end":{"line":81,"column":48}}},"fnMap":{"0":{"name":"(anonymous_0)","decl":{"start":{"line":5,"column":17},"end":{"line":5,"column":18}},"loc":{"start":{"line":5,"column":23},"end":{"line":103,"column":1}},"line":5},"1":{"name":"(anonymous_1)","decl":{"start":{"line":65,"column":24},"end":{"line":65,"column":25}},"loc":{"start":{"line":66,"column":12},"end":{"line":86,"column":25}},"line":66},"2":{"name":"(anonymous_2)","decl":{"start":{"line":80,"column":38},"end":{"line":80,"column":39}},"loc":{"start":{"line":81,"column":18},"end":{"line":81,"column":48}},"line":81}},"branchMap":{},"s":{"0":0,"1":0,"2":0,"3":0,"4":0},"f":{"0":0,"1":0,"2":0},"b":{}}
}
