TN:
SF:src/App.js
FN:7,App
FN:25,(anonymous_1)
FN:29,(anonymous_2)
FNF:3
FNH:0
FNDA:0,App
FNDA:0,(anonymous_1)
FNDA:0,(anonymous_2)
DA:8,0
DA:10,0
DA:18,0
DA:26,0
DA:29,0
LF:5
LH:0
BRDA:28,0,0,0
BRDA:28,0,1,0
BRDA:38,1,0,0
BRDA:38,1,1,0
BRDA:39,2,0,0
BRDA:39,2,1,0
BRDA:40,3,0,0
BRDA:40,3,1,0
BRDA:42,4,0,0
BRDA:42,4,1,0
BRDA:67,5,0,0
BRDA:67,5,1,0
BRF:12
BRH:0
end_of_record
TN:
SF:src/components/Contact.js
FN:5,(anonymous_0)
FN:14,(anonymous_1)
FN:21,(anonymous_2)
FNF:3
FNH:2
FNDA:4,(anonymous_0)
FNDA:1,(anonymous_1)
FNDA:0,(anonymous_2)
DA:5,1
DA:6,4
DA:14,3
DA:15,1
DA:17,1
DA:18,1
DA:21,3
DA:22,0
DA:28,3
LF:9
LH:8
BRF:0
BRH:0
end_of_record
TN:
SF:src/components/Hero.js
FN:5,(anonymous_0)
FN:49,(anonymous_1)
FN:57,(anonymous_2)
FNF:3
FNH:2
FNDA:4,(anonymous_0)
FNDA:1,(anonymous_1)
FNDA:0,(anonymous_2)
DA:5,1
DA:6,4
DA:49,1
DA:57,0
LF:4
LH:3
BRF:0
BRH:0
end_of_record
TN:
SF:src/components/Services.js
FN:5,(anonymous_0)
FN:65,(anonymous_1)
FN:80,(anonymous_2)
FNF:3
FNH:0
FNDA:0,(anonymous_0)
FNDA:0,(anonymous_1)
FNDA:0,(anonymous_2)
DA:5,0
DA:6,0
DA:51,0
DA:66,0
DA:81,0
LF:5
LH:0
BRF:0
BRH:0
end_of_record
